<?xml version="1.0" encoding="UTF-8"?>
<!-- Generated by org.testng.reporters.JUnitReportReporter -->
<testsuite hostname="DESKTOP-TJ6T1N4" failures="0" tests="2" name="practice.test.InvoiceTest" time="13.563" errors="0" timestamp="2024-08-23T11:27:38 IST" skipped="0">
  <testcase classname="practice.test.InvoiceTest" name="createInvoicewithContactTest" time="7.251"/>
  <system-out/>
  <testcase classname="practice.test.InvoiceTest" name="createInvoiceTest" time="6.312"/>
  <system-out/>
</testsuite> <!-- practice.test.InvoiceTest -->
