<?xml version="1.0" encoding="UTF-8"?>
<!-- Generated by org.testng.reporters.JUnitReportReporter -->
<testsuite hostname="DESKTOP-TJ6T1N4" failures="0" tests="1" name="com.comcast.crm.generic.fileutility.A" time="0.016" errors="0" timestamp="2024-08-21T16:59:29 IST" skipped="0">
  <testcase classname="com.comcast.crm.generic.fileutility.A" name="test" time="0.016"/>
  <system-out/>
</testsuite> <!-- com.comcast.crm.generic.fileutility.A -->
